D:\Program Files\Microsoft Visual Studio\18\Community\MSBuild\Microsoft\VC\v180\Microsoft.CppBuild.targets(1143,5): warning MSB4211: 正在首次将属性“GetTargetPathDependsOn”设置为某个值，但已在“D:\Program Files\Microsoft Visual Studio\18\Community\MSBuild\Current\Bin\amd64\Microsoft.Common.CurrentVersion.targets (2243,5)”处使用了该属性。
  CommandWindow.cpp
  CSampleCredential.cpp
  CSampleProvider.cpp
  guid.cpp
  MessageCredential.cpp
  正在生成代码...
  正在搜索库
      正在搜索 D:\Windows Kits\10\lib\10.0.26100.0\um\x64\secur32.lib:
      正在搜索 D:\Windows Kits\10\lib\10.0.26100.0\um\x64\shlwapi.lib:
      正在搜索 D:\Windows Kits\10\lib\10.0.26100.0\um\x64\gdi32.lib:
      正在搜索 D:\Windows Kits\10\lib\10.0.26100.0\um\x64\ole32.lib:
      正在搜索 D:\Windows Kits\10\lib\10.0.26100.0\um\x64\user32.lib:
      正在搜索 D:\Windows Kits\10\lib\10.0.26100.0\um\x64\advapi32.lib:
      正在搜索 D:\Windows Kits\10\lib\10.0.26100.0\um\x64\credui.lib:
      正在搜索 D:\Windows Kits\10\lib\10.0.26100.0\um\x64\kernel32.lib:
      正在搜索 D:\Windows Kits\10\lib\10.0.26100.0\um\x64\winspool.lib:
      正在搜索 D:\Windows Kits\10\lib\10.0.26100.0\um\x64\comdlg32.lib:
      正在搜索 D:\Windows Kits\10\lib\10.0.26100.0\um\x64\shell32.lib:
      正在搜索 D:\Windows Kits\10\lib\10.0.26100.0\um\x64\oleaut32.lib:
      正在搜索 D:\Windows Kits\10\lib\10.0.26100.0\um\x64\uuid.lib:
      正在搜索 D:\Windows Kits\10\lib\10.0.26100.0\um\x64\odbc32.lib:
      正在搜索 D:\Windows Kits\10\lib\10.0.26100.0\um\x64\odbccp32.lib:
      正在搜索 D:\work\projects\demo\Windows-classic-samples-main\Samples\Win7Samples\security\credentialproviders\x64\Debug\Helpers.lib:
      正在搜索 D:\Program Files\Microsoft Visual Studio\18\Community\VC\Tools\MSVC\14.50.35717\lib\x64\MSVCRT.lib:
      正在搜索 D:\Program Files\Microsoft Visual Studio\18\Community\VC\Tools\MSVC\14.50.35717\lib\x64\OLDNAMES.lib:
      正在搜索 D:\Program Files\Microsoft Visual Studio\18\Community\VC\Tools\MSVC\14.50.35717\lib\x64\vcruntime.lib:
      正在搜索 D:\Windows Kits\10\lib\10.0.26100.0\ucrt\x64\ucrt.lib:
      正在搜索 D:\Windows Kits\10\lib\10.0.26100.0\um\x64\secur32.lib:
      正在搜索 D:\Windows Kits\10\lib\10.0.26100.0\um\x64\shlwapi.lib:
      正在搜索 D:\Windows Kits\10\lib\10.0.26100.0\um\x64\gdi32.lib:
      正在搜索 D:\Windows Kits\10\lib\10.0.26100.0\um\x64\ole32.lib:
      正在搜索 D:\Windows Kits\10\lib\10.0.26100.0\um\x64\user32.lib:
      正在搜索 D:\Windows Kits\10\lib\10.0.26100.0\um\x64\advapi32.lib:
      正在搜索 D:\Windows Kits\10\lib\10.0.26100.0\um\x64\credui.lib:
      正在搜索 D:\Windows Kits\10\lib\10.0.26100.0\um\x64\kernel32.lib:
      正在搜索 D:\Windows Kits\10\lib\10.0.26100.0\um\x64\winspool.lib:
      正在搜索 D:\Windows Kits\10\lib\10.0.26100.0\um\x64\comdlg32.lib:
      正在搜索 D:\Windows Kits\10\lib\10.0.26100.0\um\x64\shell32.lib:
      正在搜索 D:\Windows Kits\10\lib\10.0.26100.0\um\x64\oleaut32.lib:
      正在搜索 D:\Windows Kits\10\lib\10.0.26100.0\um\x64\uuid.lib:
      正在搜索 D:\Windows Kits\10\lib\10.0.26100.0\um\x64\odbc32.lib:
      正在搜索 D:\Windows Kits\10\lib\10.0.26100.0\um\x64\odbccp32.lib:
      正在搜索 D:\work\projects\demo\Windows-classic-samples-main\Samples\Win7Samples\security\credentialproviders\x64\Debug\Helpers.lib:
      正在搜索 D:\Program Files\Microsoft Visual Studio\18\Community\VC\Tools\MSVC\14.50.35717\lib\x64\MSVCRT.lib:
      正在搜索 D:\Program Files\Microsoft Visual Studio\18\Community\VC\Tools\MSVC\14.50.35717\lib\x64\OLDNAMES.lib:
      正在搜索 D:\Program Files\Microsoft Visual Studio\18\Community\VC\Tools\MSVC\14.50.35717\lib\x64\vcruntime.lib:
      正在搜索 D:\Windows Kits\10\lib\10.0.26100.0\ucrt\x64\ucrt.lib:
      正在搜索 D:\Windows Kits\10\lib\10.0.26100.0\um\x64\secur32.lib:
      正在搜索 D:\Windows Kits\10\lib\10.0.26100.0\um\x64\shlwapi.lib:
      正在搜索 D:\Windows Kits\10\lib\10.0.26100.0\um\x64\gdi32.lib:
      正在搜索 D:\Windows Kits\10\lib\10.0.26100.0\um\x64\ole32.lib:
      正在搜索 D:\Windows Kits\10\lib\10.0.26100.0\um\x64\user32.lib:
      正在搜索 D:\Windows Kits\10\lib\10.0.26100.0\um\x64\advapi32.lib:
      正在搜索 D:\Windows Kits\10\lib\10.0.26100.0\um\x64\credui.lib:
  已完成库搜索
    正在创建库 D:\work\projects\demo\Windows-classic-samples-main\Samples\Win7Samples\security\credentialproviders\x64\Debug\SampleHardwareEventCredentialProvider.lib 和对象 D:\work\projects\demo\Windows-classic-samples-main\Samples\Win7Samples\security\credentialproviders\x64\Debug\SampleHardwareEventCredentialProvider.exp
  正在搜索库
      正在搜索 D:\Windows Kits\10\lib\10.0.26100.0\um\x64\secur32.lib:
      正在搜索 D:\Windows Kits\10\lib\10.0.26100.0\um\x64\shlwapi.lib:
      正在搜索 D:\Windows Kits\10\lib\10.0.26100.0\um\x64\gdi32.lib:
      正在搜索 D:\Windows Kits\10\lib\10.0.26100.0\um\x64\ole32.lib:
      正在搜索 D:\Windows Kits\10\lib\10.0.26100.0\um\x64\user32.lib:
      正在搜索 D:\Windows Kits\10\lib\10.0.26100.0\um\x64\advapi32.lib:
      正在搜索 D:\Windows Kits\10\lib\10.0.26100.0\um\x64\credui.lib:
      正在搜索 D:\Windows Kits\10\lib\10.0.26100.0\um\x64\kernel32.lib:
      正在搜索 D:\Windows Kits\10\lib\10.0.26100.0\um\x64\winspool.lib:
      正在搜索 D:\Windows Kits\10\lib\10.0.26100.0\um\x64\comdlg32.lib:
      正在搜索 D:\Windows Kits\10\lib\10.0.26100.0\um\x64\shell32.lib:
      正在搜索 D:\Windows Kits\10\lib\10.0.26100.0\um\x64\oleaut32.lib:
      正在搜索 D:\Windows Kits\10\lib\10.0.26100.0\um\x64\uuid.lib:
      正在搜索 D:\Windows Kits\10\lib\10.0.26100.0\um\x64\odbc32.lib:
      正在搜索 D:\Windows Kits\10\lib\10.0.26100.0\um\x64\odbccp32.lib:
      正在搜索 D:\work\projects\demo\Windows-classic-samples-main\Samples\Win7Samples\security\credentialproviders\x64\Debug\Helpers.lib:
      正在搜索 D:\Program Files\Microsoft Visual Studio\18\Community\VC\Tools\MSVC\14.50.35717\lib\x64\MSVCRT.lib:
      正在搜索 D:\Program Files\Microsoft Visual Studio\18\Community\VC\Tools\MSVC\14.50.35717\lib\x64\OLDNAMES.lib:
      正在搜索 D:\Program Files\Microsoft Visual Studio\18\Community\VC\Tools\MSVC\14.50.35717\lib\x64\vcruntime.lib:
      正在搜索 D:\Windows Kits\10\lib\10.0.26100.0\ucrt\x64\ucrt.lib:
  已完成库搜索
  正在搜索库
      正在搜索 D:\Windows Kits\10\lib\10.0.26100.0\um\x64\secur32.lib:
      正在搜索 D:\Windows Kits\10\lib\10.0.26100.0\um\x64\shlwapi.lib:
      正在搜索 D:\Windows Kits\10\lib\10.0.26100.0\um\x64\gdi32.lib:
      正在搜索 D:\Windows Kits\10\lib\10.0.26100.0\um\x64\ole32.lib:
      正在搜索 D:\Windows Kits\10\lib\10.0.26100.0\um\x64\user32.lib:
      正在搜索 D:\Windows Kits\10\lib\10.0.26100.0\um\x64\advapi32.lib:
      正在搜索 D:\Windows Kits\10\lib\10.0.26100.0\um\x64\credui.lib:
      正在搜索 D:\Windows Kits\10\lib\10.0.26100.0\um\x64\kernel32.lib:
      正在搜索 D:\Windows Kits\10\lib\10.0.26100.0\um\x64\winspool.lib:
      正在搜索 D:\Windows Kits\10\lib\10.0.26100.0\um\x64\comdlg32.lib:
      正在搜索 D:\Windows Kits\10\lib\10.0.26100.0\um\x64\shell32.lib:
      正在搜索 D:\Windows Kits\10\lib\10.0.26100.0\um\x64\oleaut32.lib:
      正在搜索 D:\Windows Kits\10\lib\10.0.26100.0\um\x64\uuid.lib:
      正在搜索 D:\Windows Kits\10\lib\10.0.26100.0\um\x64\odbc32.lib:
      正在搜索 D:\Windows Kits\10\lib\10.0.26100.0\um\x64\odbccp32.lib:
      正在搜索 D:\work\projects\demo\Windows-classic-samples-main\Samples\Win7Samples\security\credentialproviders\x64\Debug\Helpers.lib:
      正在搜索 D:\Program Files\Microsoft Visual Studio\18\Community\VC\Tools\MSVC\14.50.35717\lib\x64\MSVCRT.lib:
      正在搜索 D:\Program Files\Microsoft Visual Studio\18\Community\VC\Tools\MSVC\14.50.35717\lib\x64\OLDNAMES.lib:
      正在搜索 D:\Program Files\Microsoft Visual Studio\18\Community\VC\Tools\MSVC\14.50.35717\lib\x64\vcruntime.lib:
      正在搜索 D:\Windows Kits\10\lib\10.0.26100.0\ucrt\x64\ucrt.lib:
  已完成库搜索
  正在搜索库
      正在搜索 D:\Windows Kits\10\lib\10.0.26100.0\um\x64\secur32.lib:
      正在搜索 D:\Windows Kits\10\lib\10.0.26100.0\um\x64\shlwapi.lib:
      正在搜索 D:\Windows Kits\10\lib\10.0.26100.0\um\x64\gdi32.lib:
      正在搜索 D:\Windows Kits\10\lib\10.0.26100.0\um\x64\ole32.lib:
      正在搜索 D:\Windows Kits\10\lib\10.0.26100.0\um\x64\user32.lib:
      正在搜索 D:\Windows Kits\10\lib\10.0.26100.0\um\x64\advapi32.lib:
      正在搜索 D:\Windows Kits\10\lib\10.0.26100.0\um\x64\credui.lib:
      正在搜索 D:\Windows Kits\10\lib\10.0.26100.0\um\x64\kernel32.lib:
      正在搜索 D:\Windows Kits\10\lib\10.0.26100.0\um\x64\winspool.lib:
      正在搜索 D:\Windows Kits\10\lib\10.0.26100.0\um\x64\comdlg32.lib:
      正在搜索 D:\Windows Kits\10\lib\10.0.26100.0\um\x64\shell32.lib:
      正在搜索 D:\Windows Kits\10\lib\10.0.26100.0\um\x64\oleaut32.lib:
      正在搜索 D:\Windows Kits\10\lib\10.0.26100.0\um\x64\uuid.lib:
      正在搜索 D:\Windows Kits\10\lib\10.0.26100.0\um\x64\odbc32.lib:
      正在搜索 D:\Windows Kits\10\lib\10.0.26100.0\um\x64\odbccp32.lib:
      正在搜索 D:\work\projects\demo\Windows-classic-samples-main\Samples\Win7Samples\security\credentialproviders\x64\Debug\Helpers.lib:
      正在搜索 D:\Program Files\Microsoft Visual Studio\18\Community\VC\Tools\MSVC\14.50.35717\lib\x64\MSVCRT.lib:
      正在搜索 D:\Program Files\Microsoft Visual Studio\18\Community\VC\Tools\MSVC\14.50.35717\lib\x64\OLDNAMES.lib:
      正在搜索 D:\Program Files\Microsoft Visual Studio\18\Community\VC\Tools\MSVC\14.50.35717\lib\x64\vcruntime.lib:
      正在搜索 D:\Windows Kits\10\lib\10.0.26100.0\ucrt\x64\ucrt.lib:
  已完成库搜索
  正在搜索库
      正在搜索 D:\Windows Kits\10\lib\10.0.26100.0\um\x64\secur32.lib:
      正在搜索 D:\Windows Kits\10\lib\10.0.26100.0\um\x64\shlwapi.lib:
      正在搜索 D:\Windows Kits\10\lib\10.0.26100.0\um\x64\gdi32.lib:
      正在搜索 D:\Windows Kits\10\lib\10.0.26100.0\um\x64\ole32.lib:
      正在搜索 D:\Windows Kits\10\lib\10.0.26100.0\um\x64\user32.lib:
      正在搜索 D:\Windows Kits\10\lib\10.0.26100.0\um\x64\advapi32.lib:
      正在搜索 D:\Windows Kits\10\lib\10.0.26100.0\um\x64\credui.lib:
      正在搜索 D:\Windows Kits\10\lib\10.0.26100.0\um\x64\kernel32.lib:
      正在搜索 D:\Windows Kits\10\lib\10.0.26100.0\um\x64\winspool.lib:
      正在搜索 D:\Windows Kits\10\lib\10.0.26100.0\um\x64\comdlg32.lib:
      正在搜索 D:\Windows Kits\10\lib\10.0.26100.0\um\x64\shell32.lib:
      正在搜索 D:\Windows Kits\10\lib\10.0.26100.0\um\x64\oleaut32.lib:
      正在搜索 D:\Windows Kits\10\lib\10.0.26100.0\um\x64\uuid.lib:
      正在搜索 D:\Windows Kits\10\lib\10.0.26100.0\um\x64\odbc32.lib:
      正在搜索 D:\Windows Kits\10\lib\10.0.26100.0\um\x64\odbccp32.lib:
      正在搜索 D:\work\projects\demo\Windows-classic-samples-main\Samples\Win7Samples\security\credentialproviders\x64\Debug\Helpers.lib:
      正在搜索 D:\Program Files\Microsoft Visual Studio\18\Community\VC\Tools\MSVC\14.50.35717\lib\x64\MSVCRT.lib:
      正在搜索 D:\Program Files\Microsoft Visual Studio\18\Community\VC\Tools\MSVC\14.50.35717\lib\x64\OLDNAMES.lib:
      正在搜索 D:\Program Files\Microsoft Visual Studio\18\Community\VC\Tools\MSVC\14.50.35717\lib\x64\vcruntime.lib:
      正在搜索 D:\Windows Kits\10\lib\10.0.26100.0\ucrt\x64\ucrt.lib:
  已完成库搜索
  正在搜索库
      正在搜索 D:\Windows Kits\10\lib\10.0.26100.0\um\x64\secur32.lib:
      正在搜索 D:\Windows Kits\10\lib\10.0.26100.0\um\x64\shlwapi.lib:
      正在搜索 D:\Windows Kits\10\lib\10.0.26100.0\um\x64\gdi32.lib:
      正在搜索 D:\Windows Kits\10\lib\10.0.26100.0\um\x64\ole32.lib:
      正在搜索 D:\Windows Kits\10\lib\10.0.26100.0\um\x64\user32.lib:
      正在搜索 D:\Windows Kits\10\lib\10.0.26100.0\um\x64\advapi32.lib:
      正在搜索 D:\Windows Kits\10\lib\10.0.26100.0\um\x64\credui.lib:
      正在搜索 D:\Windows Kits\10\lib\10.0.26100.0\um\x64\kernel32.lib:
      正在搜索 D:\Windows Kits\10\lib\10.0.26100.0\um\x64\winspool.lib:
      正在搜索 D:\Windows Kits\10\lib\10.0.26100.0\um\x64\comdlg32.lib:
      正在搜索 D:\Windows Kits\10\lib\10.0.26100.0\um\x64\shell32.lib:
      正在搜索 D:\Windows Kits\10\lib\10.0.26100.0\um\x64\oleaut32.lib:
      正在搜索 D:\Windows Kits\10\lib\10.0.26100.0\um\x64\uuid.lib:
      正在搜索 D:\Windows Kits\10\lib\10.0.26100.0\um\x64\odbc32.lib:
      正在搜索 D:\Windows Kits\10\lib\10.0.26100.0\um\x64\odbccp32.lib:
      正在搜索 D:\work\projects\demo\Windows-classic-samples-main\Samples\Win7Samples\security\credentialproviders\x64\Debug\Helpers.lib:
      正在搜索 D:\Program Files\Microsoft Visual Studio\18\Community\VC\Tools\MSVC\14.50.35717\lib\x64\MSVCRT.lib:
      正在搜索 D:\Program Files\Microsoft Visual Studio\18\Community\VC\Tools\MSVC\14.50.35717\lib\x64\OLDNAMES.lib:
      正在搜索 D:\Program Files\Microsoft Visual Studio\18\Community\VC\Tools\MSVC\14.50.35717\lib\x64\vcruntime.lib:
  已完成库搜索
  SampleHardwareEventCredentialProvider.vcxproj -> D:\work\projects\demo\Windows-classic-samples-main\Samples\Win7Samples\security\credentialproviders\x64\Debug\SampleHardwareEventCredentialProvider.dll
